[INFO ] 2024-05-25 12:00:24.505 [main] GroceryTestPage - Navigated to URL: https://www.flipkart.com/
[INFO ] 2024-05-25 12:00:26.301 [main] GroceryTestPage - Clicked on Grocery
[INFO ] 2024-05-25 12:00:26.551 [main] GroceryTestPage - Clicked on Current Location 
[INFO ] 2024-05-25 12:00:29.021 [main] GroceryTestPage - Clicked on Staples
[INFO ] 2024-05-25 12:00:30.404 [main] GroceryTestPage - Added Item to Cart
[INFO ] 2024-05-25 12:00:30.514 [main] GroceryTestPage - Viewed Cart Item
[INFO ] 2024-05-25 12:01:37.185 [main] LoginTest - Navigated to URL: https://www.flipkart.com/
[INFO ] 2024-05-25 12:01:38.247 [main] LoginTest - Clicked Login
[INFO ] 2024-05-25 12:01:39.676 [main] LoginTest - Entered Username: 9336388567
[INFO ] 2024-05-25 12:01:39.762 [main] LoginTest - Clicked Submit
[INFO ] 2024-05-25 12:01:39.762 [main] LoginTest - Test completed for value: 9336388567
[INFO ] 2024-05-25 12:01:48.689 [main] GroceryTestPage - Navigated to URL: https://www.flipkart.com/
[INFO ] 2024-05-25 12:01:51.567 [main] GroceryTestPage - Clicked on Grocery
[INFO ] 2024-05-25 12:01:52.509 [main] GroceryTestPage - Clicked on Current Location 
[INFO ] 2024-05-25 12:01:54.020 [main] GroceryTestPage - Clicked on Staples
[INFO ] 2024-05-25 12:01:55.303 [main] GroceryTestPage - Added Item to Cart
[INFO ] 2024-05-25 12:01:55.408 [main] GroceryTestPage - Viewed Cart Item
[INFO ] 2024-05-25 12:02:05.638 [main] AddtocartTest - Navigated to URL: https://www.flipkart.com/
[INFO ] 2024-05-25 12:02:05.897 [main] AddtocartTest - Entered search data: iphone
[INFO ] 2024-05-25 12:02:07.773 [main] AddtocartTest - Clicked on search button
[INFO ] 2024-05-25 12:02:07.985 [main] AddtocartTest - Fetched product title
[INFO ] 2024-05-25 12:02:26.799 [main] MobilePageTest - Navigated to URL: https://www.flipkart.com/
[INFO ] 2024-05-25 12:02:30.795 [main] MobilePageTest - Clicked on Mobiles Image
[INFO ] 2024-05-25 12:02:42.715 [main] SignupTest - Launching browser
[INFO ] 2024-05-25 12:02:43.820 [main] SignupTest - Click on the signup successful
[INFO ] 2024-05-25 12:02:44.928 [main] SignupTest - Click Create new account
[INFO ] 2024-05-25 12:02:45.073 [main] SignupTest - Enter the phone number to register
[INFO ] 2024-05-25 12:02:45.150 [main] SignupTest - Sign up successful
[INFO ] 2024-05-25 12:02:55.375 [main] ViewCartTest - Navigated to URL: https://www.flipkart.com/
[INFO ] 2024-05-25 12:02:56.750 [main] ViewCartTest - Clicked on view cart icon
[INFO ] 2024-05-25 12:03:06.883 [main] SearchProduct - Launching browser
[INFO ] 2024-05-25 12:03:07.135 [main] SearchProduct - Performed search for: iphone
[INFO ] 2024-05-25 12:03:09.221 [main] SearchProduct - Click on the search button
[INFO ] 2024-05-25 12:03:09.221 [main] SearchProduct - Search product successful
[INFO ] 2024-05-25 12:03:21.064 [main] SellerTestPage - Navigated to URL: https://www.flipkart.com/
[INFO ] 2024-05-25 12:03:25.204 [main] SellerTestPage - Clicked on Seller
[INFO ] 2024-05-25 12:03:28.914 [main] SellerTestPage - Clicked on Start Selling
[INFO ] 2024-05-25 12:03:28.966 [main] SellerTestPage - Username field is displayed
[INFO ] 2024-05-25 12:03:29.006 [main] SellerTestPage - Email field is displayed
[INFO ] 2024-05-25 12:03:40.183 [main] TravelTestPage - Navigated to URL: https://www.flipkart.com/
[INFO ] 2024-05-25 12:03:41.058 [main] TravelTestPage - Clicked on Travel Image
[INFO ] 2024-05-25 12:03:42.018 [main] TravelTestPage - From input field is displayed
[INFO ] 2024-05-25 12:03:42.064 [main] TravelTestPage - To input field is displayed
[INFO ] 2024-05-25 12:03:42.112 [main] TravelTestPage - Search button is displayed
[INFO ] 2024-05-25 12:03:52.107 [main] AppliancesTestPage - Navigated to URL: https://www.flipkart.com/
[INFO ] 2024-05-25 12:03:52.703 [main] AppliancesTestPage - Appliances link is visible
[INFO ] 2024-05-25 12:03:56.138 [main] AppliancesTestPage - Clicked on Appliances
[INFO ] 2024-05-25 12:04:06.501 [main] TestScenario3 - Navigated to URL: https://www.flipkart.com/
[INFO ] 2024-05-25 12:04:09.275 [main] TestScenario3 - Navigated to Shopsy URL: https://seller.flipkart.com/shopsy
[INFO ] 2024-05-25 12:04:09.279 [main] TestScenario3 - Test Shopsy passed
[INFO ] 2024-05-25 12:04:20.466 [main] TestScenario3 - Navigated to URL: https://www.flipkart.com/
[INFO ] 2024-05-25 12:04:20.663 [main] TestScenario3 - Click on the dropdown where notifications are shown
[INFO ] 2024-05-25 12:04:21.536 [main] TestScenario3 - All the notifications are shown
[INFO ] 2024-05-25 12:04:31.901 [main] TestScenario3 - Navigated to URL: https://www.flipkart.com/
[INFO ] 2024-05-25 12:04:32.205 [main] TestScenario3 - Click on the Myntra link
[INFO ] 2024-05-25 12:04:42.557 [main] TestScenario3 - Navigated to URL: https://www.flipkart.com/
[INFO ] 2024-05-25 12:04:43.657 [main] TestScenario3 - Click on the Terms And Conditions Page
[INFO ] 2024-05-25 12:04:58.564 [main] TestScenario3 - Navigated to URL: https://www.flipkart.com/
[INFO ] 2024-05-25 12:05:00.378 [main] TestScenario3 - Clicked on Appliances link
[INFO ] 2024-05-25 12:05:00.622 [main] TestScenario3 - Clicked on Offer Zone Page link
[INFO ] 2024-05-25 12:05:01.859 [main] TestScenario3 - Clicked on Offer Product Page link
[INFO ] 2024-05-25 12:05:15.394 [main] TestScenario4 - Navigated to URL: https://www.flipkart.com/
[INFO ] 2024-05-25 12:05:15.585 [main] TestScenario4 - Enter product to search
[INFO ] 2024-05-25 12:05:17.782 [main] TestScenario4 - Click on the search button
[INFO ] 2024-05-25 12:05:17.981 [main] TestScenario4 - Click on the Add to compare button
[INFO ] 2024-05-25 12:05:18.534 [main] TestScenario4 - Compare button tested successfully to compare two products.
[INFO ] 2024-05-25 12:05:31.767 [main] TestScenario4 - Navigated to URL
[INFO ] 2024-05-25 12:05:32.764 [main] TestScenario4 - Clicked on view cart icon successfully
[INFO ] 2024-05-25 12:05:35.663 [main] TestScenario4 - Clicked on Flipkart Plus icon successfully
[INFO ] 2024-05-25 12:05:35.666 [main] TestScenario4 - Successfully go back to homepage by clicking on Flipkart Plus
[INFO ] 2024-05-25 12:05:48.115 [main] TestScenario4 - Navigated to URL
[INFO ] 2024-05-25 12:05:48.504 [main] TestScenario4 - Click on the ClearTrip page
[INFO ] 2024-05-25 12:05:48.504 [main] TestScenario4 - Successfully displayed the ClearTrip Page
[INFO ] 2024-05-25 12:06:03.381 [main] TestScenario4 - Navigated to URL
[INFO ] 2024-05-25 12:06:04.595 [main] TestScenario4 - Click on the GiftCards Page
[INFO ] 2024-05-25 12:06:06.379 [main] TestScenario4 - Click on the wallet
[INFO ] 2024-05-25 12:06:06.379 [main] TestScenario4 - Wallet Form is successfully shown
[INFO ] 2024-05-25 12:06:16.798 [main] TestScenario4 - Navigated to URL
[INFO ] 2024-05-25 12:06:19.725 [main] TestScenario4 - Click on the Cancellation Policy Page
[INFO ] 2024-05-25 12:06:19.725 [main] TestScenario4 - Order Cancellation Page is successfully showing
[INFO ] 2024-05-26 11:25:34.977 [main] LoginTest - Navigated to URL: https://www.flipkart.com/
[INFO ] 2024-05-26 11:25:51.809 [main] LoginTest - Clicked Login
[INFO ] 2024-05-26 11:25:53.052 [main] LoginTest - Entered Username: 9336388567
[INFO ] 2024-05-26 11:25:53.558 [main] LoginTest - Clicked Submit
[INFO ] 2024-05-26 11:25:53.559 [main] LoginTest - Test completed for value: 9336388567
[INFO ] 2024-05-26 11:26:25.901 [main] GroceryTestPage - Navigated to URL: https://www.flipkart.com/
[INFO ] 2024-05-26 11:26:37.359 [main] GroceryTestPage - Clicked on Grocery
[INFO ] 2024-05-26 11:26:40.995 [main] GroceryTestPage - Clicked on Current Location 
[INFO ] 2024-05-26 11:26:45.266 [main] GroceryTestPage - Clicked on Staples
[INFO ] 2024-05-26 11:26:49.474 [main] GroceryTestPage - Added Item to Cart
[INFO ] 2024-05-26 11:26:50.564 [main] GroceryTestPage - Viewed Cart Item
[INFO ] 2024-05-26 11:27:33.704 [main] AddtocartTest - Navigated to URL: https://www.flipkart.com/
[INFO ] 2024-05-26 11:27:34.920 [main] AddtocartTest - Entered search data: iphone
[INFO ] 2024-05-26 11:27:52.768 [main] AddtocartTest - Clicked on search button
[INFO ] 2024-05-26 11:27:54.168 [main] AddtocartTest - Fetched product title
[INFO ] 2024-05-26 11:28:35.147 [main] MobilePageTest - Navigated to URL: https://www.flipkart.com/
[INFO ] 2024-05-26 11:28:42.842 [main] MobilePageTest - Clicked on Mobiles Image
[INFO ] 2024-05-26 11:29:01.577 [main] SignupTest - Launching browser
[INFO ] 2024-05-26 11:29:21.767 [main] SignupTest - Click on the signup successful
[INFO ] 2024-05-26 11:29:26.707 [main] SignupTest - Click Create new account
[INFO ] 2024-05-26 11:29:27.485 [main] SignupTest - Enter the phone number to register
[INFO ] 2024-05-26 11:29:29.538 [main] SignupTest - Sign up successful
